#
# A fatal error has been detected by the Java Runtime Environment:
#
#  EXCEPTION_ACCESS_VIOLATION (0xc0000005) at pc=0x000000006b783dd7, pid=3712, tid=0x00000000000015e4
#
# JRE version: Java(TM) SE Runtime Environment (8.0_111-b14) (build 1.8.0_111-b14)
# Java VM: Java HotSpot(TM) 64-Bit Server VM (25.111-b14 mixed mode windows-amd64 compressed oops)
# Problematic frame:
# V  [jvm.dll+0x4f3dd7]
#
# Failed to write core dump. Minidumps are not enabled by default on client versions of Windows
#
# If you would like to submit a bug report, please visit:
#   http://bugreport.java.com/bugreport/crash.jsp
#

---------------  T H R E A D  ---------------

Current thread (0x0000000054cf8000):  JavaThread "C2 CompilerThread0" daemon [_thread_in_native, id=5604, stack(0x0000000055e40000,0x0000000055f40000)]

siginfo: ExceptionCode=0xc0000005, reading address 0x0000000000000000

Registers:
RAX=0x000000005c4121a0, RBX=0x000000005c412168, RCX=0x0000000000000000, RDX=0x0000000000004000
RSP=0x0000000055f3b8b8, RBP=0x0000000055f3bdc0, RSI=0x0000000055f3bde0, RDI=0x0000000055f3b988
R8 =0x000000005c7c3f40, R9 =0x0000000000000000, R10=0x0000000056359cb8, R11=0x0000000000000000
R12=0x0000000055f3b968, R13=0x0000000000000010, R14=0x000000005c413528, R15=0x0000000000000002
RIP=0x000000006b783dd7, EFLAGS=0x0000000000010202

Top of Stack: (sp=0x0000000055f3b8b8)
0x0000000055f3b8b8:   000000006b752215 000000005c455348
0x0000000055f3b8c8:   0000000000000010 0000000055f3b988
0x0000000055f3b8d8:   0000000055f3b968 000000005c7e3f60
0x0000000055f3b8e8:   0000000054c8c4a0 0000000000000003
0x0000000055f3b8f8:   0000000000000002 0000000054d50b90
0x0000000055f3b908:   000000005c7bbf40 0000000054c8c4a0
0x0000000055f3b918:   0000000055f3bdc0 0000000055f3ba30
0x0000000055f3b928:   000000006b7542ab 0000000055f3bdc0
0x0000000055f3b938:   0000000055f3b988 0000000000000002
0x0000000055f3b948:   0000000055f3b9d8 000000005c7bbf90
0x0000000055f3b958:   000000005c7c3f28 000000000013fff0
0x0000000055f3b968:   0000000054c8c4a0 0000000000000200
0x0000000055f3b978:   000000005c902670 000000000000011b
0x0000000055f3b988:   000000006b905e88 0000000054c8c4a0
0x0000000055f3b998:   0000000000000200 000000005c901e70
0x0000000055f3b9a8:   0000000000000003 000000005c7bbf40 

Instructions: (pc=0x000000006b783dd7)
0x000000006b783db7:   ff 50 10 84 c0 74 07 b0 01 48 83 c4 28 c3 32 c0
0x000000006b783dc7:   48 83 c4 28 c3 cc cc cc cc 48 8b 41 08 48 8b 08
0x000000006b783dd7:   48 8b 01 48 ff a0 b0 00 00 00 cc cc cc cc cc cc
0x000000006b783de7:   cc cc cc cc cc cc cc cc cc 48 83 ec 28 48 8b 01 


Register to memory mapping:

RAX=0x000000005c4121a0 is an unknown value
RBX=0x000000005c412168 is an unknown value
RCX=0x0000000000000000 is an unknown value
RDX=0x0000000000004000 is an unknown value
RSP=0x0000000055f3b8b8 is pointing into the stack for thread: 0x0000000054cf8000
RBP=0x0000000055f3bdc0 is pointing into the stack for thread: 0x0000000054cf8000
RSI=0x0000000055f3bde0 is pointing into the stack for thread: 0x0000000054cf8000
RDI=0x0000000055f3b988 is pointing into the stack for thread: 0x0000000054cf8000
R8 =0x000000005c7c3f40 is an unknown value
R9 =0x0000000000000000 is an unknown value
R10=0x0000000056359cb8 is an unknown value
R11=0x0000000000000000 is an unknown value
R12=0x0000000055f3b968 is pointing into the stack for thread: 0x0000000054cf8000
R13=0x0000000000000010 is an unknown value
R14=0x000000005c413528 is an unknown value
R15=0x0000000000000002 is an unknown value


Stack: [0x0000000055e40000,0x0000000055f40000],  sp=0x0000000055f3b8b8,  free space=1006k
Native frames: (J=compiled Java code, j=interpreted, Vv=VM code, C=native code)
V  [jvm.dll+0x4f3dd7]


Current CompileTask:
C2:  57441 2294       4       javax.swing.plaf.nimbus.NimbusStyle::validate (1178 bytes)


---------------  P R O C E S S  ---------------

Java Threads: ( => current thread )
  0x000000005961f800 JavaThread "TimerQueue" daemon [_thread_blocked, id=4128, stack(0x000000005bd20000,0x000000005be20000)]
  0x00000000594fe800 JavaThread "D3D Screen Updater" daemon [_thread_blocked, id=5516, stack(0x000000005bad0000,0x000000005bbd0000)]
  0x0000000059408000 JavaThread "Abandoned connection cleanup thread" daemon [_thread_blocked, id=4224, stack(0x000000005a070000,0x000000005a170000)]
  0x0000000001ccd800 JavaThread "DestroyJavaVM" [_thread_blocked, id=2700, stack(0x00000000021c0000,0x00000000022c0000)]
  0x000000005653d000 JavaThread "AWT-EventQueue-0" [_thread_blocked, id=5288, stack(0x0000000057820000,0x0000000057920000)]
  0x00000000564dd800 JavaThread "AWT-Windows" daemon [_thread_in_native, id=4664, stack(0x0000000056a50000,0x0000000056b50000)]
  0x00000000564d8800 JavaThread "AWT-Shutdown" [_thread_blocked, id=1244, stack(0x0000000056b50000,0x0000000056c50000)]
  0x00000000564d4000 JavaThread "Java2D Disposer" daemon [_thread_blocked, id=4276, stack(0x0000000056940000,0x0000000056a40000)]
  0x00000000561c8800 JavaThread "Service Thread" daemon [_thread_blocked, id=2852, stack(0x0000000056640000,0x0000000056740000)]
  0x0000000054d4c000 JavaThread "C1 CompilerThread1" daemon [_thread_blocked, id=4948, stack(0x00000000560b0000,0x00000000561b0000)]
=>0x0000000054cf8000 JavaThread "C2 CompilerThread0" daemon [_thread_in_native, id=5604, stack(0x0000000055e40000,0x0000000055f40000)]
  0x0000000054cf6000 JavaThread "Attach Listener" daemon [_thread_blocked, id=5712, stack(0x0000000055ad0000,0x0000000055bd0000)]
  0x0000000054cf4800 JavaThread "Signal Dispatcher" daemon [_thread_blocked, id=4896, stack(0x0000000055c70000,0x0000000055d70000)]
  0x0000000054cde000 JavaThread "Finalizer" daemon [_thread_blocked, id=3956, stack(0x0000000055720000,0x0000000055820000)]
  0x0000000054c94800 JavaThread "Reference Handler" daemon [_thread_blocked, id=3196, stack(0x00000000558d0000,0x00000000559d0000)]

Other Threads:
  0x0000000054c8c800 VMThread [stack: 0x0000000055600000,0x0000000055700000] [id=4220]
  0x0000000054d5a800 WatcherThread [stack: 0x00000000567f0000,0x00000000568f0000] [id=4796]

VM state:not at safepoint (normal execution)

VM Mutex/Monitor currently owned by a thread: None

Heap:
 PSYoungGen      total 18944K, used 12802K [0x00000000eab00000, 0x00000000ec000000, 0x0000000100000000)
  eden space 16384K, 62% used [0x00000000eab00000,0x00000000eb502938,0x00000000ebb00000)
  from space 2560K, 99% used [0x00000000ebb00000,0x00000000ebd7e198,0x00000000ebd80000)
  to   space 2560K, 0% used [0x00000000ebd80000,0x00000000ebd80000,0x00000000ec000000)
 ParOldGen       total 44032K, used 2740K [0x00000000c0000000, 0x00000000c2b00000, 0x00000000eab00000)
  object space 44032K, 6% used [0x00000000c0000000,0x00000000c02ad150,0x00000000c2b00000)
 Metaspace       used 18790K, capacity 19090K, committed 19328K, reserved 1067008K
  class space    used 2296K, capacity 2387K, committed 2432K, reserved 1048576K

Card table byte_map: [0x0000000011a20000,0x0000000011c30000] byte_map_base: 0x0000000011420000

Marking Bits: (ParMarkBitMap*) 0x000000006baaa6c0
 Begin Bits: [0x0000000012160000, 0x0000000013160000)
 End Bits:   [0x0000000013160000, 0x0000000014160000)

Polling page: 0x0000000000430000

CodeCache: size=245760Kb used=7035Kb max_used=7035Kb free=238724Kb
 bounds [0x0000000002660000, 0x0000000002d50000, 0x0000000011660000]
 total_blobs=2857 nmethods=2257 adapters=513
 compilation: enabled

Compilation events (10 events):
Event: 57.250 Thread 0x0000000054d4c000 2318       1       javax.swing.plaf.nimbus.AbstractRegionPainter::getExtendedCacheKeys (2 bytes)
Event: 57.251 Thread 0x0000000054d4c000 nmethod 2318 0x0000000002d3e250 code [0x0000000002d3e3a0, 0x0000000002d3e4b0]
Event: 57.261 Thread 0x0000000054d4c000 2319       1       sun.java2d.pipe.AlphaColorPipe::startSequence (2 bytes)
Event: 57.261 Thread 0x0000000054d4c000 nmethod 2319 0x0000000002d3e510 code [0x0000000002d3e660, 0x0000000002d3e770]
Event: 57.261 Thread 0x0000000054d4c000 2320       1       sun.java2d.pipe.AlphaColorPipe::endSequence (1 bytes)
Event: 57.261 Thread 0x0000000054d4c000 nmethod 2320 0x0000000002d3e7d0 code [0x0000000002d3e920, 0x0000000002d3ea30]
Event: 57.274 Thread 0x0000000054d4c000 2321       3       javax.swing.plaf.synth.SynthRootPaneUI::getContext (10 bytes)
Event: 57.275 Thread 0x0000000054d4c000 nmethod 2321 0x0000000002d3ea90 code [0x0000000002d3ec40, 0x0000000002d3f198]
Event: 57.275 Thread 0x0000000054d4c000 2322       3       java.awt.geom.AffineTransform::updateState (230 bytes)
Event: 57.275 Thread 0x0000000054d4c000 nmethod 2322 0x0000000002d3f4d0 code [0x0000000002d3f680, 0x0000000002d3feb0]

GC Heap History (2 events):
Event: 11.730 GC heap before
{Heap before GC invocations=1 (full 0):
 PSYoungGen      total 18944K, used 16384K [0x00000000eab00000, 0x00000000ec000000, 0x0000000100000000)
  eden space 16384K, 100% used [0x00000000eab00000,0x00000000ebb00000,0x00000000ebb00000)
  from space 2560K, 0% used [0x00000000ebd80000,0x00000000ebd80000,0x00000000ec000000)
  to   space 2560K, 0% used [0x00000000ebb00000,0x00000000ebb00000,0x00000000ebd80000)
 ParOldGen       total 44032K, used 0K [0x00000000c0000000, 0x00000000c2b00000, 0x00000000eab00000)
  object space 44032K, 0% used [0x00000000c0000000,0x00000000c0000000,0x00000000c2b00000)
 Metaspace       used 17126K, capacity 17394K, committed 17664K, reserved 1064960K
  class space    used 2111K, capacity 2191K, committed 2304K, reserved 1048576K
Event: 11.741 GC heap after
Heap after GC invocations=1 (full 0):
 PSYoungGen      total 18944K, used 2552K [0x00000000eab00000, 0x00000000ec000000, 0x0000000100000000)
  eden space 16384K, 0% used [0x00000000eab00000,0x00000000eab00000,0x00000000ebb00000)
  from space 2560K, 99% used [0x00000000ebb00000,0x00000000ebd7e198,0x00000000ebd80000)
  to   space 2560K, 0% used [0x00000000ebd80000,0x00000000ebd80000,0x00000000ec000000)
 ParOldGen       total 44032K, used 2740K [0x00000000c0000000, 0x00000000c2b00000, 0x00000000eab00000)
  object space 44032K, 6% used [0x00000000c0000000,0x00000000c02ad150,0x00000000c2b00000)
 Metaspace       used 17126K, capacity 17394K, committed 17664K, reserved 1064960K
  class space    used 2111K, capacity 2191K, committed 2304K, reserved 1048576K
}

Deoptimization events (10 events):
Event: 5.651 Thread 0x000000005653d000 Uncommon trap: reason=unstable_if action=reinterpret pc=0x000000000298c980 method=java.util.HashMap.putVal(ILjava/lang/Object;Ljava/lang/Object;ZZ)Ljava/lang/Object; @ 109
Event: 52.711 Thread 0x00000000564dd800 Uncommon trap: reason=class_check action=maybe_recompile pc=0x0000000002cc6930 method=java.awt.EventQueue.coalesceEvent(Ljava/awt/AWTEvent;I)Z @ 61
Event: 52.727 Thread 0x000000005653d000 Uncommon trap: reason=class_check action=maybe_recompile pc=0x0000000002cc6844 method=java.awt.EventQueue.cacheEQItem(Lsun/awt/EventQueueItem;)V @ 20
Event: 52.729 Thread 0x000000005653d000 Uncommon trap: reason=class_check action=maybe_recompile pc=0x0000000002cc6930 method=java.awt.EventQueue.coalesceEvent(Ljava/awt/AWTEvent;I)Z @ 61
Event: 52.737 Thread 0x000000005653d000 Uncommon trap: reason=unstable_if action=reinterpret pc=0x00000000028f8d40 method=java.awt.MultipleGradientPaintContext.indexIntoGradientsArrays(F)I @ 24
Event: 52.737 Thread 0x000000005653d000 Uncommon trap: reason=unstable_if action=reinterpret pc=0x0000000002bb641c method=sun.java2d.pipe.BufferedContext.validate(Lsun/java2d/pipe/hw/AccelSurface;Lsun/java2d/pipe/hw/AccelSurface;Lsun/java2d/pipe/Region;Ljava/awt/Composite;Ljava/awt/geom/AffineT
Event: 53.305 Thread 0x000000005653d000 Uncommon trap: reason=class_check action=maybe_recompile pc=0x0000000002cc6844 method=java.awt.EventQueue.cacheEQItem(Lsun/awt/EventQueueItem;)V @ 20
Event: 53.313 Thread 0x000000005653d000 Uncommon trap: reason=class_check action=maybe_recompile pc=0x0000000002cc6844 method=java.awt.EventQueue.cacheEQItem(Lsun/awt/EventQueueItem;)V @ 20
Event: 53.320 Thread 0x000000005653d000 Uncommon trap: reason=class_check action=maybe_recompile pc=0x0000000002cc6844 method=java.awt.EventQueue.cacheEQItem(Lsun/awt/EventQueueItem;)V @ 20
Event: 57.233 Thread 0x00000000564dd800 Uncommon trap: reason=unstable_if action=reinterpret pc=0x0000000002cff4c4 method=sun.awt.PostEventQueue.flush()V @ 23

Internal exceptions (10 events):
Event: 0.428 Thread 0x0000000001ccd800 Exception <a 'java/lang/ClassNotFoundException': ToggleButton> (0x00000000eae67360) thrown at [C:\re\workspace\8-2-build-windows-amd64-cygwin\jdk8u111\7883\hotspot\src\share\vm\classfile\systemDictionary.cpp, line 210]
Event: 0.428 Thread 0x0000000001ccd800 Exception <a 'java/lang/ClassNotFoundException': javax/swing/JToolBarSeparator> (0x00000000eae677c0) thrown at [C:\re\workspace\8-2-build-windows-amd64-cygwin\jdk8u111\7883\hotspot\src\share\vm\classfile\systemDictionary.cpp, line 210]
Event: 0.428 Thread 0x0000000001ccd800 Exception <a 'java/lang/ClassNotFoundException': ToolBarSeparator> (0x00000000eae67c58) thrown at [C:\re\workspace\8-2-build-windows-amd64-cygwin\jdk8u111\7883\hotspot\src\share\vm\classfile\systemDictionary.cpp, line 210]
Event: 0.428 Thread 0x0000000001ccd800 Exception <a 'java/lang/ClassNotFoundException': ToolTip> (0x00000000eae68398) thrown at [C:\re\workspace\8-2-build-windows-amd64-cygwin\jdk8u111\7883\hotspot\src\share\vm\classfile\systemDictionary.cpp, line 210]
Event: 0.429 Thread 0x0000000001ccd800 Exception <a 'java/lang/ClassNotFoundException': Tree> (0x00000000eae68fb8) thrown at [C:\re\workspace\8-2-build-windows-amd64-cygwin\jdk8u111\7883\hotspot\src\share\vm\classfile\systemDictionary.cpp, line 210]
Event: 0.429 Thread 0x0000000001ccd800 Exception <a 'java/lang/ClassNotFoundException': Tree> (0x00000000eae696f8) thrown at [C:\re\workspace\8-2-build-windows-amd64-cygwin\jdk8u111\7883\hotspot\src\share\vm\classfile\systemDictionary.cpp, line 210]
Event: 0.429 Thread 0x0000000001ccd800 Exception <a 'java/lang/ClassNotFoundException': javax/swing/JTreeCell> (0x00000000eae69a78) thrown at [C:\re\workspace\8-2-build-windows-amd64-cygwin\jdk8u111\7883\hotspot\src\share\vm\classfile\systemDictionary.cpp, line 210]
Event: 0.429 Thread 0x0000000001ccd800 Exception <a 'java/lang/ClassNotFoundException': TreeCell> (0x00000000eae69f00) thrown at [C:\re\workspace\8-2-build-windows-amd64-cygwin\jdk8u111\7883\hotspot\src\share\vm\classfile\systemDictionary.cpp, line 210]
Event: 0.431 Thread 0x0000000001ccd800 Exception <a 'java/lang/ClassNotFoundException': RootPane> (0x00000000eae6a960) thrown at [C:\re\workspace\8-2-build-windows-amd64-cygwin\jdk8u111\7883\hotspot\src\share\vm\classfile\systemDictionary.cpp, line 210]
Event: 52.737 Thread 0x000000005653d000 Implicit null exception at 0x0000000002bb5673 to 0x0000000002bb6405

Events (10 events):
Event: 53.313 Thread 0x000000005653d000 DEOPT PACKING pc=0x0000000002cc6844 sp=0x000000005791b960
Event: 53.313 Thread 0x000000005653d000 DEOPT UNPACKING pc=0x00000000026a556a sp=0x000000005791b7c8 mode 2
Event: 53.320 Thread 0x000000005653d000 Uncommon trap: trap_request=0xffffffde fr.pc=0x0000000002cc6844
Event: 53.320 Thread 0x000000005653d000 DEOPT PACKING pc=0x0000000002cc6844 sp=0x000000005791b960
Event: 53.320 Thread 0x000000005653d000 DEOPT UNPACKING pc=0x00000000026a556a sp=0x000000005791b7c8 mode 2
Event: 56.936 Thread 0x000000005653d000 DEOPT PACKING pc=0x0000000002ba1514 sp=0x00000000579171f0
Event: 56.936 Thread 0x000000005653d000 DEOPT UNPACKING pc=0x00000000026a71bf sp=0x0000000057916f00 mode 0
Event: 57.233 Thread 0x00000000564dd800 Uncommon trap: trap_request=0xffffff65 fr.pc=0x0000000002cff4c4
Event: 57.233 Thread 0x00000000564dd800 DEOPT PACKING pc=0x0000000002cff4c4 sp=0x0000000056b4c9f0
Event: 57.233 Thread 0x00000000564dd800 DEOPT UNPACKING pc=0x00000000026a556a sp=0x0000000056b4ca00 mode 2


Dynamic libraries:
0x000000013fa90000 - 0x000000013fac7000 	C:\Program Files\Java\jdk1.8.0_111\bin\java.exe
0x0000000077bd0000 - 0x0000000077d6f000 	C:\Windows\SYSTEM32\ntdll.dll
0x0000000077ab0000 - 0x0000000077bcf000 	C:\Windows\system32\kernel32.dll
0x000007fefdb30000 - 0x000007fefdb9a000 	C:\Windows\system32\KERNELBASE.dll
0x000007fefe0c0000 - 0x000007fefe19b000 	C:\Windows\system32\ADVAPI32.dll
0x000007fefe2d0000 - 0x000007fefe36f000 	C:\Windows\system32\msvcrt.dll
0x000007fefe2b0000 - 0x000007fefe2cf000 	C:\Windows\SYSTEM32\sechost.dll
0x000007feff3a0000 - 0x000007feff4cd000 	C:\Windows\system32\RPCRT4.dll
0x00000000779b0000 - 0x0000000077aaa000 	C:\Windows\system32\USER32.dll
0x000007fefe370000 - 0x000007fefe3d7000 	C:\Windows\system32\GDI32.dll
0x000007feffb80000 - 0x000007feffb8e000 	C:\Windows\system32\LPK.dll
0x000007feff4d0000 - 0x000007feff59b000 	C:\Windows\system32\USP10.dll
0x000007fefc870000 - 0x000007fefca64000 	C:\Windows\WinSxS\amd64_microsoft.windows.common-controls_6595b64144ccf1df_6.0.7601.18837_none_fa3b1e3d17594757\COMCTL32.dll
0x000007feffb00000 - 0x000007feffb71000 	C:\Windows\system32\SHLWAPI.dll
0x000007fefe590000 - 0x000007fefe5be000 	C:\Windows\system32\IMM32.DLL
0x000007fefe480000 - 0x000007fefe589000 	C:\Windows\system32\MSCTF.dll
0x000000006f360000 - 0x000000006f432000 	C:\Program Files\Java\jdk1.8.0_111\jre\bin\msvcr100.dll
0x000000006b290000 - 0x000000006bb2a000 	C:\Program Files\Java\jdk1.8.0_111\jre\bin\server\jvm.dll
0x000007fef9330000 - 0x000007fef9339000 	C:\Windows\system32\WSOCK32.dll
0x000007fefe5c0000 - 0x000007fefe60d000 	C:\Windows\system32\WS2_32.dll
0x000007fefe1a0000 - 0x000007fefe1a8000 	C:\Windows\system32\NSI.dll
0x000007fefca70000 - 0x000007fefcaab000 	C:\Windows\system32\WINMM.dll
0x000007fefc2d0000 - 0x000007fefc2dc000 	C:\Windows\system32\VERSION.dll
0x0000000077d70000 - 0x0000000077d77000 	C:\Windows\system32\PSAPI.DLL
0x000000006fd80000 - 0x000000006fd8f000 	C:\Program Files\Java\jdk1.8.0_111\jre\bin\verify.dll
0x000000006fa30000 - 0x000000006fa59000 	C:\Program Files\Java\jdk1.8.0_111\jre\bin\java.dll
0x000000006f810000 - 0x000000006f826000 	C:\Program Files\Java\jdk1.8.0_111\jre\bin\zip.dll
0x000007fefe610000 - 0x000007feff39b000 	C:\Windows\system32\SHELL32.dll
0x000007fefdec0000 - 0x000007fefe0bd000 	C:\Windows\system32\ole32.dll
0x000007fefd8a0000 - 0x000007fefd8af000 	C:\Windows\system32\profapi.dll
0x000000006ed20000 - 0x000000006eeb8000 	C:\Program Files\Java\jdk1.8.0_111\jre\bin\awt.dll
0x000007fefe1b0000 - 0x000007fefe28a000 	C:\Windows\system32\OLEAUT32.dll
0x000007fefb870000 - 0x000007fefb8c6000 	C:\Windows\system32\uxtheme.dll
0x000007fefb0c0000 - 0x000007fefb0d8000 	C:\Windows\system32\dwmapi.dll
0x000007fefd740000 - 0x000007fefd74f000 	C:\Windows\system32\CRYPTBASE.dll
0x000000006ecd0000 - 0x000000006ed17000 	C:\Program Files\Java\jdk1.8.0_111\jre\bin\fontmanager.dll
0x000007fef7150000 - 0x000007fef734f000 	C:\Windows\system32\d3d9.dll
0x000007fef7140000 - 0x000007fef7147000 	C:\Windows\system32\d3d8thk.dll
0x000007fee0ff0000 - 0x000007fee20a6000 	C:\Windows\system32\nvd3dumx.dll
0x000007fefbc00000 - 0x000007fefbc2c000 	C:\Windows\system32\powrprof.dll
0x000007fefdce0000 - 0x000007fefdeb7000 	C:\Windows\system32\SETUPAPI.dll
0x000007fefdad0000 - 0x000007fefdb06000 	C:\Windows\system32\CFGMGR32.dll
0x000007fefdb10000 - 0x000007fefdb2a000 	C:\Windows\system32\DEVOBJ.dll
0x000007fee5a30000 - 0x000007fee5b9c000 	C:\Program Files (x86)\NVIDIA Corporation\3D Vision\nvSCPAPI64.dll
0x000007fefa030000 - 0x000007fefa366000 	C:\Windows\system32\nvapi64.dll
0x000007fefd8d0000 - 0x000007fefd90b000 	C:\Windows\system32\WINTRUST.dll
0x000007fefd920000 - 0x000007fefda8d000 	C:\Windows\system32\CRYPT32.dll
0x000007fefd8b0000 - 0x000007fefd8bf000 	C:\Windows\system32\MSASN1.dll
0x000000006ef20000 - 0x000000006ef3a000 	C:\Program Files\Java\jdk1.8.0_111\jre\bin\net.dll
0x000007fefd030000 - 0x000007fefd085000 	C:\Windows\system32\mswsock.dll
0x000007fefd020000 - 0x000007fefd027000 	C:\Windows\System32\wship6.dll
0x000007fefc3a0000 - 0x000007fefc3a7000 	C:\Windows\System32\wshtcpip.dll
0x000007fefceb0000 - 0x000007fefcf0b000 	C:\Windows\system32\DNSAPI.dll
0x000007fefbab0000 - 0x000007fefbad7000 	C:\Windows\system32\IPHLPAPI.DLL
0x000007fefc3e0000 - 0x000007fefc3eb000 	C:\Windows\system32\WINNSI.DLL
0x000007fef7e20000 - 0x000007fef7e28000 	C:\Windows\system32\rasadhlp.dll
0x000007fefb420000 - 0x000007fefb473000 	C:\Windows\System32\fwpuclnt.dll
0x000007feff5a0000 - 0x000007feff639000 	C:\Windows\system32\CLBCatQ.DLL
0x000007fefae40000 - 0x000007fefafa1000 	C:\Windows\system32\WindowsCodecs.dll
0x000007fefd6a0000 - 0x000007fefd6f7000 	C:\Windows\system32\apphelp.dll
0x000007fef3c50000 - 0x000007fef3ce7000 	C:\Users\Leonardo\AppData\Local\MEGAsync\ShellExtX64.dll
0x000007fef3e30000 - 0x000007fef3e33000 	C:\Windows\system32\api-ms-win-core-synch-l1-2-0.DLL
0x000007fef3c10000 - 0x000007fef3c45000 	C:\Windows\system32\EhStorShell.dll
0x000007fefb920000 - 0x000007fefba4c000 	C:\Windows\system32\PROPSYS.dll
0x000007fef3640000 - 0x000007fef36be000 	C:\Windows\System32\cscui.dll
0x000007fef3e20000 - 0x000007fef3e2c000 	C:\Windows\System32\CSCDLL.dll
0x000007fef8130000 - 0x000007fef813f000 	C:\Windows\system32\CSCAPI.dll
0x000007fef35c0000 - 0x000007fef3640000 	C:\Windows\system32\ntshrui.dll
0x000007fefd5a0000 - 0x000007fefd5c3000 	C:\Windows\system32\srvcli.dll
0x000007fefb5f0000 - 0x000007fefb5fb000 	C:\Windows\system32\slc.dll
0x000000006ef00000 - 0x000000006ef11000 	C:\Program Files\Java\jdk1.8.0_111\jre\bin\nio.dll
0x000000006ec80000 - 0x000000006ecc2000 	C:\Program Files\Java\jdk1.8.0_111\jre\bin\t2k.dll
0x000000006ec50000 - 0x000000006ec7a000 	C:\Program Files\Java\jdk1.8.0_111\jre\bin\dcpr.dll
0x000007feee810000 - 0x000007feee935000 	C:\Windows\system32\dbghelp.dll

VM Arguments:
jvm_args: -Dfile.encoding=UTF-8 
java_command: br.com.infox.telas.TelaLogin
java_class_path (initial): E:\Mega\Java\mysql-connector-java-5.1.45\mysql-connector-java-5.1.45\mysql-connector-java-5.1.45-bin.jar;C:\Program Files\NetBeans 8.2\platform\modules\ext\swing-layout-1.0.4.jar;E:\Mega\Java\Workspace\prjinfoX\build\classes
Launcher Type: SUN_STANDARD

Environment Variables:
PATH=C:\ProgramData\Oracle\Java\javapath;C:\Windows\system32;C:\Windows;C:\Windows\System32\Wbem;C:\Windows\System32\WindowsPowerShell\v1.0\
USERNAME=Leonardo
OS=Windows_NT
PROCESSOR_IDENTIFIER=Intel64 Family 6 Model 23 Stepping 10, GenuineIntel



---------------  S Y S T E M  ---------------

OS: Windows 7 , 64 bit Build 7601 (6.1.7601.24059)

CPU:total 2 (2 cores per cpu, 1 threads per core) family 6 model 23 stepping 10, cmov, cx8, fxsr, mmx, sse, sse2, sse3, ssse3, sse4.1, tsc

Memory: 4k page, physical 4193464k(851864k free), swap 8385052k(4001748k free)

vm_info: Java HotSpot(TM) 64-Bit Server VM (25.111-b14) for windows-amd64 JRE (1.8.0_111-b14), built on Sep 22 2016 19:24:05 by "java_re" with MS VC++ 10.0 (VS2010)

time: Thu Mar 15 18:07:10 2018
elapsed time: 57 seconds (0d 0h 0m 57s)

